
num:1064 error:You have an error in your SQL syntax; check the manual that corresponds to your MySQL server version for the right syntax to use near '.paty_name, 
			SUM(IF(vote.vote_status_num = -1, 1,0)) AS count_no,
			SUM(IF' at line 5


		SELECT
			paty.paty_id, 
			vote.vote_date,  
			vote.vote_date2, 
			paty.paty_name2 AS paty.paty_name, 
			SUM(IF(vote.vote_status_num = -1, 1,0)) AS count_no,
			SUM(IF(vote.vote_status_num = 1, 1,0)) AS count_yes,
			SUM(IF(vote.vote_status_num = 0, 1,0)) AS count_abcent
		FROM `cont_vote` AS vote
			INNER JOIN cont_paty AS paty ON paty.paty_id = vote.paty_id
		WHERE vote.vote_date2 >= '2015-05-01' AND vote.vote_date2 <= '2015-05-31'
		GROUP BY vote.paty_id
		ORDER BY vote.vote_date DESC
	


num:1146 error:Table 'kenesh.cont_user' doesn't exist


		SELECT * FROM cont_user INNER JOIN cont_fraktia WHERE cont_user.user_id = '1'
	


num:1146 error:Table 'kenesh.cont_fraktia' doesn't exist


		SELECT * FROM cont_name INNER JOIN cont_fraktia WHERE cont_name.id = '1'
	


num:1146 error:Table 'kenesh.cont_fraktia' doesn't exist


		SELECT * FROM cont_name INNER JOIN cont_fraktia WHERE cont_name.id = '1'
	


num:1054 error:Unknown column 'cont_name.name2' in 'field list'


		SELECT
			cont_name.id,
			cont_name.name2,
			cont_frakcia.frakcia_id,
			cont_frakcia.frakcia_name
		FROM
			cont_name
				INNER JOIN cont_frakcia ON cont_name.frakcia_id = cont_frakcia.frakcia_id
		GROUP BY id

	

